\BOOKMARK [1][]{section.1}{Introduction}{}% 1
\BOOKMARK [2][]{subsection.1.1}{Introduction To Organisation}{section.1}% 2
\BOOKMARK [2][]{subsection.1.2}{Introduction to Project}{section.1}% 3
\BOOKMARK [2][]{subsection.1.3}{Project Category \(Mobile Application\) }{section.1}% 4
\BOOKMARK [2][]{subsection.1.4}{Objective}{section.1}% 5
\BOOKMARK [2][]{subsection.1.5}{Problem Formulation}{section.1}% 6
\BOOKMARK [2][]{subsection.1.6}{Identification of Need}{section.1}% 7
\BOOKMARK [2][]{subsection.1.7}{Existing System}{section.1}% 8
\BOOKMARK [2][]{subsection.1.8}{Proposed System}{section.1}% 9
\BOOKMARK [2][]{subsection.1.9}{Uniques Features of System}{section.1}% 10
\BOOKMARK [1][]{section.2}{Requirement Analysis and System Specifications}{}% 11
\BOOKMARK [2][]{subsection.2.1}{Feasibility Study}{section.2}% 12
\BOOKMARK [2][]{subsection.2.2}{Software Requirement Specification Document}{section.2}% 13
\BOOKMARK [2][]{subsection.2.3}{Data Requirements}{section.2}% 14
\BOOKMARK [2][]{subsection.2.4}{Functional Requirements}{section.2}% 15
\BOOKMARK [2][]{subsection.2.5}{Performance Requirement:}{section.2}% 16
\BOOKMARK [2][]{subsection.2.6}{System Dependability:}{section.2}% 17
\BOOKMARK [2][]{subsection.2.7}{Maintainability Requirement}{section.2}% 18
\BOOKMARK [2][]{subsection.2.8}{Security Requirements:}{section.2}% 19
\BOOKMARK [2][]{subsection.2.9}{Look and Feel Requirements:}{section.2}% 20
\BOOKMARK [2][]{subsection.2.10}{Validations}{section.2}% 21
\BOOKMARK [2][]{subsection.2.11}{Expected Hurdles}{section.2}% 22
\BOOKMARK [1][]{section.3}{Introduction to project}{}% 23
\BOOKMARK [2][]{subsection.3.1}{Overview}{section.3}% 24
\BOOKMARK [2][]{subsection.3.2}{Existing System}{section.3}% 25
\BOOKMARK [2][]{subsection.3.3}{Use Requirement Analysis}{section.3}% 26
\BOOKMARK [2][]{subsection.3.4}{Feasibility Study}{section.3}% 27
\BOOKMARK [2][]{subsection.3.5}{Objective of Project}{section.3}% 28
\BOOKMARK [1][]{section.4}{Project Design}{}% 29
\BOOKMARK [2][]{subsection.4.1}{Product prespective}{section.4}% 30
\BOOKMARK [2][]{subsection.4.2}{Product functions}{section.4}% 31
\BOOKMARK [2][]{subsection.4.3}{User characteristics}{section.4}% 32
\BOOKMARK [2][]{subsection.4.4}{Constraints}{section.4}% 33
\BOOKMARK [2][]{subsection.4.5}{Use Case Model/FlowCharts/DFDS}{section.4}% 34
\BOOKMARK [2][]{subsection.4.6}{Database design}{section.4}% 35
\BOOKMARK [2][]{subsection.4.7}{Table structure}{section.4}% 36
\BOOKMARK [2][]{subsection.4.8}{ER diagrams}{section.4}% 37
\BOOKMARK [2][]{subsection.4.9}{Assumptions and Dependencies}{section.4}% 38
\BOOKMARK [2][]{subsection.4.10}{Specific Requirements}{section.4}% 39
\BOOKMARK [1][]{section.5}{Development and Implementation}{}% 40
\BOOKMARK [2][]{subsection.5.1}{Introduction to languages}{section.5}% 41
\BOOKMARK [2][]{subsection.5.2}{Any other Supporting Languages}{section.5}% 42
\BOOKMARK [2][]{subsection.5.3}{Implementation}{section.5}% 43
\BOOKMARK [2][]{subsection.5.4}{Testing}{section.5}% 44
\BOOKMARK [1][]{section.6}{Conclusion and Future scope}{}% 45
\BOOKMARK [2][]{subsection.6.1}{Conclusion}{section.6}% 46
\BOOKMARK [2][]{subsection.6.2}{Future scope}{section.6}% 47
